<?xml version="1.0" encoding="UTF-8"?>
<!-- Generated by org.testng.reporters.JUnitReportReporter -->
<testsuite skipped="0" hostname="DESKTOP-0705QLA" name="com.qa.resr.tests.WeatherGetTests" tests="1" failures="0" timestamp="25 Sep 2019 12:45:33 GMT" time="4.110" errors="0">
  <testcase name="getweatherdetailswithincorrectdetails" time="4.110" classname="com.qa.resr.tests.WeatherGetTests"/>
</testsuite> <!-- com.qa.resr.tests.WeatherGetTests -->
