<?xml version="1.0" encoding="UTF-8"?>
<!-- Generated by org.testng.reporters.JUnitReportReporter -->
<testsuite skipped="0" hostname="DESKTOP-0705QLA" name="com.qa.resr.tests.CreateCustomerPostCall" tests="1" failures="0" timestamp="27 Sep 2019 11:44:18 GMT" time="4.422" errors="0">
  <testcase name="createcustomerTest" time="4.422" classname="com.qa.resr.tests.CreateCustomerPostCall"/>
</testsuite> <!-- com.qa.resr.tests.CreateCustomerPostCall -->
